C:\Users\Benjamin\Desktop\UWF\UWF Spring 2018\MicroP Lab\lab3.lst - generated by MGTEK Assembler ASM11 V1.26 Build 144 for WIN32 (x86) - Mon Feb 05 13:29:48 2018

    1:          =00000000                           org     $00     ;data allocation begin
C:\Users\Benjamin\Desktop\UWF\UWF Spring 2018\MicroP Lab\lab3.asm(2): Warning A4304: col(6) obsolete directive
    2:     0000 +0003                       M       rmb     3       ;allocate 3 bytes for multiplicand
C:\Users\Benjamin\Desktop\UWF\UWF Spring 2018\MicroP Lab\lab3.asm(3): Warning A4304: col(6) obsolete directive
    3:     0003 +0001                       N       rmb     1       ;allocate 1 byte for muliplier
C:\Users\Benjamin\Desktop\UWF\UWF Spring 2018\MicroP Lab\lab3.asm(4): Warning A4304: col(6) obsolete directive
    4:     0004 +0004                       P       rmb     4       ;allocate 4 bytes for final product
C:\Users\Benjamin\Desktop\UWF\UWF Spring 2018\MicroP Lab\lab3.asm(5): Warning A4304: col(7) obsolete directive
    5:     0008 +0002                       P1      rmb     2       ;allocate 2 bytes for product1
C:\Users\Benjamin\Desktop\UWF\UWF Spring 2018\MicroP Lab\lab3.asm(6): Warning A4304: col(7) obsolete directive
    6:     000A +0002                       P2      rmb     2       ;allocate 2 bytes for product2
C:\Users\Benjamin\Desktop\UWF\UWF Spring 2018\MicroP Lab\lab3.asm(7): Warning A4304: col(7) obsolete directive
    7:     000C +0002                       P3      rmb     2       ;allocate 2 bytes for product3
    8:                                      
    9:          =00000100                           org     $0100   ;code data begin
   10:     0100 96 02                  [03]         ldaa    M + 2   ;read multiplicand LSB to [A]
   11:     0102 D6 03                  [03]         ldab    N       ;read multiplier to [B]
   12:     0104 3D                     [0A]         mul             ;mulitiply [A] * [B]
   13:     0105 D7 07                  [03]         stab    P + 3   ;store [B] in product LSB
   14:     0107 97 08                  [03]         staa    P1      ;store [A] to P1 MSB
   15:     0109 96 01                  [03]         ldaa    M + 1   ;read mulitplicand MID to [A]
   16:     010B D6 03                  [03]         ldab    N       ;read multiplier to [B]
   17:     010D 3D                     [0A]         mul             ;multiply [A] * [B]
   18:     010E DD 0A                  [04]         std     P2      ;store [D] to P2
   19:     0110 96 00                  [03]         ldaa    M       ;read multiplicand MSB to [A]
   20:     0112 D6 03                  [03]         ldab    N       ;read multiplier to [B]
   21:     0114 3D                     [0A]         mul             ;multiply [A] * [B]
   22:     0115 DD 0C                  [04]         std     P3      ;store [D] to P3
   23:     0117 96 08                  [03]         ldaa    P1      ;read P1 MSB to [A]
   24:     0119 9B 0B                  [03]         adda    P2 + 1  ;add P2 LSB
   25:     011B 97 06                  [03]         staa    P + 2   ;store sum to product MID-L
   26:     011D 96 0A                  [03]         ldaa    P2      ;read P2 MSB to [A]
   27:     011F 99 0D                  [03]         adca    P3 + 1  ;add with carry P3 LSB
   28:     0121 97 05                  [03]         staa    P + 1   ;store sum to product MID-H
   29:     0123 96 0C                  [03]         ldaa    P3      ;read P3 MSB to [A]
   30:     0125 89 00                  [02]         adca    #$00    ;add with carry, zero
   31:     0127 97 04                  [03]         staa    P       ;store sum to product MSB
   32:     0129 3F                     [0E]         swi             ;exit program
